2020-07-24 08:34:12 -Loaded default TestExecutionListener class names from location [META-INF/spring.factories]: [org.springframework.test.context.web.ServletTestExecutionListener, org.springframework.test.context.support.DirtiesContextBeforeModesTestExecutionListener, org.springframework.test.context.support.DependencyInjectionTestExecutionListener, org.springframework.test.context.support.DirtiesContextTestExecutionListener, org.springframework.test.context.transaction.TransactionalTestExecutionListener, org.springframework.test.context.jdbc.SqlScriptsTestExecutionListener]
2020-07-24 08:34:12 -Using TestExecutionListeners: [org.springframework.test.context.web.ServletTestExecutionListener@706a04ae, org.springframework.test.context.support.DirtiesContextBeforeModesTestExecutionListener@6eceb130, org.springframework.test.context.support.DependencyInjectionTestExecutionListener@10a035a0, org.springframework.test.context.support.DirtiesContextTestExecutionListener@67b467e9, org.springframework.test.context.transaction.TransactionalTestExecutionListener@47db50c5, org.springframework.test.context.jdbc.SqlScriptsTestExecutionListener@5c072e3f]
2020-07-24 08:34:12 -Loading XML bean definitions from class path resource [spring-mybatis.xml]
2020-07-24 08:34:13 -Refreshing org.springframework.context.support.GenericApplicationContext@1cab0bfb: startup date [Fri Jul 24 08:34:13 CST 2020]; root of context hierarchy
2020-07-24 08:34:13 -Loading properties file from class path resource [jdbc.properties]
2020-07-24 08:34:13 -Loading properties file from class path resource [redis.properties]
2020-07-24 08:34:13 -JSR-330 'javax.inject.Inject' annotation found and supported for autowiring
2020-07-24 08:34:13 -Creating Service {http://service.umanager.booway.com/}DeptServiceService from class com.booway.umanager.service.DeptService
2020-07-24 08:34:14 -Creating Service {http://service.umanager.booway.com/}UserServiceService from class com.booway.umanager.service.UserService
2020-07-24 08:34:14 -Closing org.springframework.context.support.GenericApplicationContext@1cab0bfb: startup date [Fri Jul 24 08:34:13 CST 2020]; root of context hierarchy
2020-07-24 09:03:25 -Loaded default TestExecutionListener class names from location [META-INF/spring.factories]: [org.springframework.test.context.web.ServletTestExecutionListener, org.springframework.test.context.support.DirtiesContextBeforeModesTestExecutionListener, org.springframework.test.context.support.DependencyInjectionTestExecutionListener, org.springframework.test.context.support.DirtiesContextTestExecutionListener, org.springframework.test.context.transaction.TransactionalTestExecutionListener, org.springframework.test.context.jdbc.SqlScriptsTestExecutionListener]
2020-07-24 09:03:25 -Using TestExecutionListeners: [org.springframework.test.context.web.ServletTestExecutionListener@706a04ae, org.springframework.test.context.support.DirtiesContextBeforeModesTestExecutionListener@6eceb130, org.springframework.test.context.support.DependencyInjectionTestExecutionListener@10a035a0, org.springframework.test.context.support.DirtiesContextTestExecutionListener@67b467e9, org.springframework.test.context.transaction.TransactionalTestExecutionListener@47db50c5, org.springframework.test.context.jdbc.SqlScriptsTestExecutionListener@5c072e3f]
2020-07-24 09:03:25 -Loading XML bean definitions from class path resource [spring-mybatis.xml]
2020-07-24 09:03:25 -Refreshing org.springframework.context.support.GenericApplicationContext@1cab0bfb: startup date [Fri Jul 24 09:03:25 CST 2020]; root of context hierarchy
2020-07-24 09:03:25 -Loading properties file from class path resource [jdbc.properties]
2020-07-24 09:03:25 -Loading properties file from class path resource [redis.properties]
2020-07-24 09:03:25 -JSR-330 'javax.inject.Inject' annotation found and supported for autowiring
2020-07-24 09:03:26 -Creating Service {http://service.umanager.booway.com/}DeptServiceService from class com.booway.umanager.service.DeptService
2020-07-24 09:03:26 -Creating Service {http://service.umanager.booway.com/}UserServiceService from class com.booway.umanager.service.UserService
2020-07-24 09:03:27 -Closing org.springframework.context.support.GenericApplicationContext@1cab0bfb: startup date [Fri Jul 24 09:03:25 CST 2020]; root of context hierarchy
2020-07-24 09:03:58 -Loaded default TestExecutionListener class names from location [META-INF/spring.factories]: [org.springframework.test.context.web.ServletTestExecutionListener, org.springframework.test.context.support.DirtiesContextBeforeModesTestExecutionListener, org.springframework.test.context.support.DependencyInjectionTestExecutionListener, org.springframework.test.context.support.DirtiesContextTestExecutionListener, org.springframework.test.context.transaction.TransactionalTestExecutionListener, org.springframework.test.context.jdbc.SqlScriptsTestExecutionListener]
2020-07-24 09:03:58 -Using TestExecutionListeners: [org.springframework.test.context.web.ServletTestExecutionListener@706a04ae, org.springframework.test.context.support.DirtiesContextBeforeModesTestExecutionListener@6eceb130, org.springframework.test.context.support.DependencyInjectionTestExecutionListener@10a035a0, org.springframework.test.context.support.DirtiesContextTestExecutionListener@67b467e9, org.springframework.test.context.transaction.TransactionalTestExecutionListener@47db50c5, org.springframework.test.context.jdbc.SqlScriptsTestExecutionListener@5c072e3f]
2020-07-24 09:03:58 -Loading XML bean definitions from class path resource [spring-mybatis.xml]
2020-07-24 09:03:58 -Refreshing org.springframework.context.support.GenericApplicationContext@1cab0bfb: startup date [Fri Jul 24 09:03:58 CST 2020]; root of context hierarchy
2020-07-24 09:03:58 -Loading properties file from class path resource [jdbc.properties]
2020-07-24 09:03:58 -Loading properties file from class path resource [redis.properties]
2020-07-24 09:03:58 -JSR-330 'javax.inject.Inject' annotation found and supported for autowiring
2020-07-24 09:03:58 -Creating Service {http://service.umanager.booway.com/}DeptServiceService from class com.booway.umanager.service.DeptService
2020-07-24 09:03:59 -Creating Service {http://service.umanager.booway.com/}UserServiceService from class com.booway.umanager.service.UserService
2020-07-24 09:03:59 -Closing org.springframework.context.support.GenericApplicationContext@1cab0bfb: startup date [Fri Jul 24 09:03:58 CST 2020]; root of context hierarchy
